android/plugin/build/intermediates/manifest_merge_blame_file/release/manifest-merger-blame-release-report.txt
1<?xml version="1.0" encoding="utf-8"?>
2<manifest xmlns:android="http://schemas.android.com/apk/res/android"
3    xmlns:tools="http://schemas.android.com/tools"
4    package="com.donut.wxed34e654870cba42"
5    android:versionName="0.0.2" >
6
7    <uses-sdk
8        android:minSdkVersion="21"
8-->src/main/AndroidManifest.xml
9        android:targetSdkVersion="29" />
9-->src/main/AndroidManifest.xml
10
11    <application>
11-->src/main/AndroidManifest.xml:6:5-79:19
12        <service
12-->src/main/AndroidManifest.xml:7:9-8:49
13            xmlns:android="http://schemas.android.com/apk/res/android"
13-->src/main/AndroidManifest.xml:7:18-76
14            android:name="com.donut.wxed34e654870cba42.PluginPushService" />
14-->src/main/AndroidManifest.xml:8:13-46
15        <service
15-->src/main/AndroidManifest.xml:9:9-10:51
16            xmlns:android="http://schemas.android.com/apk/res/android"
16-->src/main/AndroidManifest.xml:9:18-76
17            android:name="com.donut.wxed34e654870cba42.PluginIntentService" />
17-->src/main/AndroidManifest.xml:10:13-48
18
19        <!--
20          TODO: 由于donut还未开放多meta-data配置，和manifestPlaceholders配置， 需要在插件中配置相关推送参数，
21          TODO: 参考：https://docs.getui.com/getui/mobile/vendor/androidstudio/ 的1.3 配置应用参数
22        -->
23
24
25        <!-- TODO：测试参数，上传插件时替换成自己的 -->
26        <meta-data
26-->src/main/AndroidManifest.xml:18:9-21:45
27            android:name="GETUI_APPID"
27-->src/main/AndroidManifest.xml:19:13-39
28            android:value="djYjSlFVMf6p5YOy2OQUs8"
28-->src/main/AndroidManifest.xml:20:13-51
29            tools:replace="android:value" />
29-->src/main/AndroidManifest.xml:21:13-42
30
31        <!--
32        TODO：厂商全不用可以填android:value="*" 不能删除meta-data，
33        TODO：下面例子中部分value携带"厂商_",如XM_ ， 填写value值"厂商_"不要动，正确值如："XM_你的值"
34        -->
35        <meta-data
35-->src/main/AndroidManifest.xml:25:9-28:45
36            android:name="com.huawei.hms.client.appid"
36-->src/main/AndroidManifest.xml:26:13-55
37            android:value="102527745"
37-->src/main/AndroidManifest.xml:27:13-38
38            tools:replace="android:value" />
38-->src/main/AndroidManifest.xml:28:13-42
39        <meta-data
39-->src/main/AndroidManifest.xml:30:9-33:45
40            android:name="MIPUSH_APPID"
40-->src/main/AndroidManifest.xml:31:13-40
41            android:value="XM_2882303761518401094"
41-->src/main/AndroidManifest.xml:32:13-51
42            tools:replace="android:value" />
42-->src/main/AndroidManifest.xml:33:13-42
43        <meta-data
43-->src/main/AndroidManifest.xml:34:9-37:45
44            android:name="MIPUSH_APPKEY"
44-->src/main/AndroidManifest.xml:35:13-41
45            android:value="XM_5301840122094"
45-->src/main/AndroidManifest.xml:36:13-45
46            tools:replace="android:value" />
46-->src/main/AndroidManifest.xml:37:13-42
47        <meta-data
47-->src/main/AndroidManifest.xml:39:9-42:45
48            android:name="OPPOPUSH_APPKEY"
48-->src/main/AndroidManifest.xml:40:13-43
49            android:value="OP_6a59a992cd46469aaa6ca9857a035e0c"
49-->src/main/AndroidManifest.xml:41:13-64
50            tools:replace="android:value" />
50-->src/main/AndroidManifest.xml:42:13-42
51        <meta-data
51-->src/main/AndroidManifest.xml:43:9-46:45
52            android:name="OPPOPUSH_APPSECRET"
52-->src/main/AndroidManifest.xml:44:13-46
53            android:value="OP_29d76998a6a04e00b901e4457b1fdfa0"
53-->src/main/AndroidManifest.xml:45:13-64
54            tools:replace="android:value" />
54-->src/main/AndroidManifest.xml:46:13-42
55        <meta-data
55-->src/main/AndroidManifest.xml:48:9-51:45
56            android:name="com.vivo.push.api_key"
56-->src/main/AndroidManifest.xml:49:13-49
57            android:value="85230e35-6087-415c-bd3e-451f4835a1ef"
57-->src/main/AndroidManifest.xml:50:13-65
58            tools:replace="android:value" />
58-->src/main/AndroidManifest.xml:51:13-42
59        <meta-data
59-->src/main/AndroidManifest.xml:52:9-55:45
60            android:name="com.vivo.push.app_id"
60-->src/main/AndroidManifest.xml:53:13-48
61            android:value="17675"
61-->src/main/AndroidManifest.xml:54:13-34
62            tools:replace="android:value" />
62-->src/main/AndroidManifest.xml:55:13-42
63        <meta-data
63-->src/main/AndroidManifest.xml:56:9-59:45
64            android:name="api_key"
64-->src/main/AndroidManifest.xml:57:13-35
65            android:value="85230e35-6087-415c-bd3e-451f4835a1ef"
65-->src/main/AndroidManifest.xml:58:13-65
66            tools:replace="android:value" />
66-->src/main/AndroidManifest.xml:59:13-42
67        <meta-data
67-->src/main/AndroidManifest.xml:60:9-63:45
68            android:name="app_id"
68-->src/main/AndroidManifest.xml:61:13-34
69            android:value="17675"
69-->src/main/AndroidManifest.xml:62:13-34
70            tools:replace="android:value" />
70-->src/main/AndroidManifest.xml:63:13-42
71        <meta-data
71-->src/main/AndroidManifest.xml:65:9-68:45
72            android:name="MEIZUPUSH_APPID"
72-->src/main/AndroidManifest.xml:66:13-43
73            android:value="MZ_145221"
73-->src/main/AndroidManifest.xml:67:13-38
74            tools:replace="android:value" />
74-->src/main/AndroidManifest.xml:68:13-42
75        <meta-data
75-->src/main/AndroidManifest.xml:69:9-72:45
76            android:name="MEIZUPUSH_APPKEY"
76-->src/main/AndroidManifest.xml:70:13-44
77            android:value="MZ_79e81a8441644ffba489a4301feef8dd"
77-->src/main/AndroidManifest.xml:71:13-64
78            tools:replace="android:value" />
78-->src/main/AndroidManifest.xml:72:13-42
79        <meta-data
79-->src/main/AndroidManifest.xml:74:9-77:45
80            android:name="com.hihonor.push.app_id"
80-->src/main/AndroidManifest.xml:75:13-51
81            android:value="*****"
81-->src/main/AndroidManifest.xml:76:13-34
82            tools:replace="android:value" />
82-->src/main/AndroidManifest.xml:77:13-42
83    </application>
84
85</manifest>